0 info it worked if it ends with ok
1 verbose cli [ 'D:\\Software\\nodejs\\node.exe',
1 verbose cli   'D:\\Software\\nodejs\\node_modules\\npm\\bin\\npm-cli.js',
1 verbose cli   'info',
1 verbose cli   'gerator-topu' ]
2 info using npm@2.14.20
3 info using node@v4.4.1
4 silly mapToRegistry name gerator-topu
5 silly mapToRegistry using default registry
6 silly mapToRegistry registry https://registry.npmjs.org/
7 silly mapToRegistry uri https://registry.npmjs.org/gerator-topu
8 verbose request uri https://registry.npmjs.org/gerator-topu
9 verbose request no auth needed
10 info attempt registry request try #1 at 00:00:46
11 verbose request using bearer token for auth
12 verbose request id 841cde7794a5a4c2
13 http request GET https://registry.npmjs.org/gerator-topu
14 http 404 https://registry.npmjs.org/gerator-topu
15 verbose headers { 'content-type': 'application/json',
15 verbose headers   'cache-control': 'max-age=0',
15 verbose headers   'content-length': '2',
15 verbose headers   'accept-ranges': 'bytes',
15 verbose headers   date: 'Sat, 23 Jul 2016 16:01:47 GMT',
15 verbose headers   via: '1.1 varnish',
15 verbose headers   connection: 'keep-alive',
15 verbose headers   'x-served-by': 'cache-itm7422-ITM',
15 verbose headers   'x-cache': 'MISS',
15 verbose headers   'x-cache-hits': '0',
15 verbose headers   'x-timer': 'S1469289706.440231,VS0,VE582',
15 verbose headers   vary: 'Accept-Encoding' }
16 silly get cb [ 404,
16 silly get   { 'content-type': 'application/json',
16 silly get     'cache-control': 'max-age=0',
16 silly get     'content-length': '2',
16 silly get     'accept-ranges': 'bytes',
16 silly get     date: 'Sat, 23 Jul 2016 16:01:47 GMT',
16 silly get     via: '1.1 varnish',
16 silly get     connection: 'keep-alive',
16 silly get     'x-served-by': 'cache-itm7422-ITM',
16 silly get     'x-cache': 'MISS',
16 silly get     'x-cache-hits': '0',
16 silly get     'x-timer': 'S1469289706.440231,VS0,VE582',
16 silly get     vary: 'Accept-Encoding' } ]
17 verbose stack Error: Registry returned 404 for GET on https://registry.npmjs.org/gerator-topu
17 verbose stack     at makeError (D:\Software\nodejs\node_modules\npm\node_modules\npm-registry-client\lib\request.js:264:12)
17 verbose stack     at CachingRegistryClient.<anonymous> (D:\Software\nodejs\node_modules\npm\node_modules\npm-registry-client\lib\request.js:242:14)
17 verbose stack     at Request._callback (D:\Software\nodejs\node_modules\npm\node_modules\npm-registry-client\lib\request.js:172:14)
17 verbose stack     at Request.self.callback (D:\Software\nodejs\node_modules\npm\node_modules\request\request.js:199:22)
17 verbose stack     at emitTwo (events.js:87:13)
17 verbose stack     at Request.emit (events.js:172:7)
17 verbose stack     at Request.<anonymous> (D:\Software\nodejs\node_modules\npm\node_modules\request\request.js:1036:10)
17 verbose stack     at emitOne (events.js:82:20)
17 verbose stack     at Request.emit (events.js:169:7)
17 verbose stack     at IncomingMessage.<anonymous> (D:\Software\nodejs\node_modules\npm\node_modules\request\request.js:963:12)
18 verbose statusCode 404
19 verbose pkgid gerator-topu
20 verbose cwd C:\Users\Administrator\GitRepository\yeoman-generator\generator-topu
21 error Windows_NT 6.1.7601
22 error argv "D:\\Software\\nodejs\\node.exe" "D:\\Software\\nodejs\\node_modules\\npm\\bin\\npm-cli.js" "info" "gerator-topu"
23 error node v4.4.1
24 error npm  v2.14.20
25 error code E404
26 error 404 Registry returned 404 for GET on https://registry.npmjs.org/gerator-topu
26 error 404
26 error 404 'gerator-topu' is not in the npm registry.
26 error 404 You should bug the author to publish it (or use the name yourself!)
26 error 404
26 error 404 Note that you can also install from a
26 error 404 tarball, folder, http url, or git url.
27 verbose exit [ 1, true ]
